[debug] [2018-03-07T07:26:03.374Z] ----------------------------------------------------------------------
[debug] [2018-03-07T07:26:03.377Z] Command:       C:\Program Files\nodejs\node.exe C:\Users\ABC\AppData\Roaming\npm\node_modules\firebase-tools\bin\firebase serve
[debug] [2018-03-07T07:26:03.377Z] CLI Version:   3.17.4
[debug] [2018-03-07T07:26:03.377Z] Platform:      win32
[debug] [2018-03-07T07:26:03.377Z] Node Version:  v8.9.4
[debug] [2018-03-07T07:26:03.377Z] Time:          Wed Mar 07 2018 12:56:03 GMT+0530 (India Standard Time)
[debug] [2018-03-07T07:26:03.378Z] ----------------------------------------------------------------------
[debug] 
[debug] [2018-03-07T07:26:03.387Z] > command requires scopes: ["email","openid","https://www.googleapis.com/auth/cloudplatformprojects.readonly","https://www.googleapis.com/auth/firebase","https://www.googleapis.com/auth/cloud-platform"]
[debug] [2018-03-07T07:26:03.389Z] > authorizing via signed-in user
[debug] [2018-03-07T07:26:03.391Z] > refreshing access token with scopes: ["email","https://www.googleapis.com/auth/cloud-platform","https://www.googleapis.com/auth/cloudplatformprojects.readonly","https://www.googleapis.com/auth/firebase","openid"]
[debug] [2018-03-07T07:26:03.391Z] >>> HTTP REQUEST POST https://www.googleapis.com/oauth2/v3/token  
 { refresh_token: '1/gpkAFVhK57rbRMvz_MK-WZywwUZ-7ftLoKjQvbi957A',
  client_id: '563584335869-fgrhgmd47bqnekij5i8b5pr03ho849e6.apps.googleusercontent.com',
  client_secret: 'j9iVZfS8kkCEFUPaAeJV0sAi',
  grant_type: 'refresh_token',
  scope: 'email https://www.googleapis.com/auth/cloud-platform https://www.googleapis.com/auth/cloudplatformprojects.readonly https://www.googleapis.com/auth/firebase openid' } 
 Wed Mar 07 2018 12:56:03 GMT+0530 (India Standard Time)
[debug] [2018-03-07T07:26:03.700Z] <<< HTTP RESPONSE 200
[debug] [2018-03-07T07:26:03.739Z] >>> HTTP REQUEST GET https://admin.firebase.com/v1/projects/phoneauth-5796  
  
 Wed Mar 07 2018 12:56:03 GMT+0530 (India Standard Time)
[debug] [2018-03-07T07:26:05.258Z] <<< HTTP RESPONSE 200
[debug] [2018-03-07T07:26:05.260Z] >>> HTTP REQUEST GET https://admin.firebase.com/v1/database/phoneauth-5796/tokens  
  
 Wed Mar 07 2018 12:56:05 GMT+0530 (India Standard Time)
[debug] [2018-03-07T07:26:06.580Z] <<< HTTP RESPONSE 200
[info] 
[info] === Serving from 'C:\Users\ABC\Desktop\ah'...
[info] 
[debug] [2018-03-07T07:26:06.588Z] >>> HTTP REQUEST GET https://cloudresourcemanager.googleapis.com/v1/projects/phoneauth-5796  
  
 Wed Mar 07 2018 12:56:06 GMT+0530 (India Standard Time)
[debug] [2018-03-07T07:26:08.424Z] <<< HTTP RESPONSE 200
[debug] [2018-03-07T07:26:08.424Z] >>> HTTP REQUEST GET https://mobilesdk-pa.googleapis.com/v1/projects/994226004036/clients/_:getWebAppConfig  
  
 Wed Mar 07 2018 12:56:08 GMT+0530 (India Standard Time)
[debug] [2018-03-07T07:26:09.455Z] <<< HTTP RESPONSE 200
[info] i  hosting: Serving hosting files from: public
[info] +  hosting: Local server: http://localhost:5000

[debug] [2018-03-07T15:17:05.699Z] ----------------------------------------------------------------------
[debug] [2018-03-07T15:17:05.707Z] Command:       C:\Program Files\nodejs\node.exe C:\Users\ABC\AppData\Roaming\npm\node_modules\firebase-tools\bin\firebase serve
[debug] [2018-03-07T15:17:05.707Z] CLI Version:   3.17.4
[debug] [2018-03-07T15:17:05.707Z] Platform:      win32
[debug] [2018-03-07T15:17:05.707Z] Node Version:  v8.9.4
[debug] [2018-03-07T15:17:05.710Z] Time:          Wed Mar 07 2018 20:47:05 GMT+0530 (India Standard Time)
[debug] [2018-03-07T15:17:05.710Z] ----------------------------------------------------------------------
[debug] 
[debug] [2018-03-07T15:17:05.768Z] > command requires scopes: ["email","openid","https://www.googleapis.com/auth/cloudplatformprojects.readonly","https://www.googleapis.com/auth/firebase","https://www.googleapis.com/auth/cloud-platform"]
[debug] [2018-03-07T15:17:05.771Z] > authorizing via signed-in user
[debug] [2018-03-07T15:17:05.779Z] > refreshing access token with scopes: ["email","https://www.googleapis.com/auth/cloud-platform","https://www.googleapis.com/auth/cloudplatformprojects.readonly","https://www.googleapis.com/auth/firebase","openid"]
[debug] [2018-03-07T15:17:05.780Z] >>> HTTP REQUEST POST https://www.googleapis.com/oauth2/v3/token  
 { refresh_token: '1/gpkAFVhK57rbRMvz_MK-WZywwUZ-7ftLoKjQvbi957A',
  client_id: '563584335869-fgrhgmd47bqnekij5i8b5pr03ho849e6.apps.googleusercontent.com',
  client_secret: 'j9iVZfS8kkCEFUPaAeJV0sAi',
  grant_type: 'refresh_token',
  scope: 'email https://www.googleapis.com/auth/cloud-platform https://www.googleapis.com/auth/cloudplatformprojects.readonly https://www.googleapis.com/auth/firebase openid' } 
 Wed Mar 07 2018 20:47:05 GMT+0530 (India Standard Time)
[debug] [2018-03-07T15:17:06.221Z] <<< HTTP RESPONSE 200
[debug] [2018-03-07T15:17:06.236Z] >>> HTTP REQUEST GET https://admin.firebase.com/v1/projects/phoneauth-5796  
  
 Wed Mar 07 2018 20:47:06 GMT+0530 (India Standard Time)
[debug] [2018-03-07T15:17:07.866Z] <<< HTTP RESPONSE 200
[debug] [2018-03-07T15:17:07.868Z] >>> HTTP REQUEST GET https://admin.firebase.com/v1/database/phoneauth-5796/tokens  
  
 Wed Mar 07 2018 20:47:07 GMT+0530 (India Standard Time)
[debug] [2018-03-07T15:17:09.278Z] <<< HTTP RESPONSE 200
[info] 
[info] === Serving from 'C:\Users\ABC\Desktop\ah'...
[info] 
[debug] [2018-03-07T15:17:09.290Z] >>> HTTP REQUEST GET https://cloudresourcemanager.googleapis.com/v1/projects/phoneauth-5796  
  
 Wed Mar 07 2018 20:47:09 GMT+0530 (India Standard Time)
[debug] [2018-03-07T15:17:11.074Z] <<< HTTP RESPONSE 200
[debug] [2018-03-07T15:17:11.075Z] >>> HTTP REQUEST GET https://mobilesdk-pa.googleapis.com/v1/projects/994226004036/clients/_:getWebAppConfig  
  
 Wed Mar 07 2018 20:47:11 GMT+0530 (India Standard Time)
[debug] [2018-03-07T15:17:12.105Z] <<< HTTP RESPONSE 200
[info] i  hosting: Serving hosting files from: public
[info] +  hosting: Local server: http://localhost:5000

